[    0.000000]Initalzing cgroup subsys cpuset
[   .000000] Iniializing cgroupsubsys cpu
[   0.00000] nitializing cgroup subsys cpuacct
[    0.000000] Linux version 4.4.0-124-generic (buildd@lcy01-amd64-028) (gcc version 5.4.0 20160609 (Ubuntu 5.4.0-6ubuntu1~16.0.9) ) #148-Ubuntu MPWed ay 2 13:00:18 UC 018 (Ubuntu 4.4.0-124.48geneic 44.117)
    0.00000] Command line: BOOT_IMAGE=/boot/vmlinuz-4.4.0-124-generic root=LABEL=cloudimg-rootfs ro console=tty1 console=ttyS0
[    0.000000] KERNEL supported cpus:
[    0.000000]   Intel GenuineIntel
[    0.000000]   AMD AuthenticAMD
[    0.000000]   Cenau CenaurHauls
[   0.00000] x86/fp xstate_offset[2]: 576, xstate_sizes2]  256
[    0000000] x86/fpu: Supporting XSAVE feature 0x01: 'x87 floating point registers'
[    0.000000] x86fpu: Supporting XSAVE featre0x2: 'SS rgisters'
[    0.000000 x86/fpu: Supporting XSAVE feature 0x04: 'AVX registers'
[    0.000000] x86/fpu: Enabled xstate features 0x7, context size is 832 bytes, using 'standard' format.
[    0.000000] x86/fpu: Using 'lazy' FPU context switches.
[    0.000000] e820: BIOS-provided pysical RAM map:
[    0.000000] BIOS-e820: [mem 0x0000000000000000-0x000000000009fbff] usable
[    0.000000] BIOS-e820: [mem 0x000000000009fc00-0x000000000009ffff] reered
[    0.0000] BIOS-e820:[mm 0x00000000000f0000-0x00000000000ffff] reserved
[    0.000000] BIOS-e820: [mem 0x0000000010000-x0000000dffeffff] usable
[    0.000000] BIOS-e820: [mem 0x00000000dfff0000-0x00000000dfffffff] ACPI data
[    0.000000] BIOS-e820: [mem 0x00000000fec00000-0x00000000fec00fff] reserved
[    0.000000] BIOS-e820: [mem 0x00000000fee00000-0x00000000fee00fff] reserved
[    0.000000] BIOS-e820: [mem 0x00000000fffc0000-0x0000000ffffffff] rserved[    .000000] BIOS-e820: [mem 0x0000000100000000-0x000000019fffffff] usable
[    0.000000] NX (Execute Disable) protection: active
[    0.000000] SMBIOS 2.5 present.
[    0.000000] Hypervisor dettected: KVM
[    0.000000] e820: last_pfn = 0x1a0000 max_arch_pfn = 0x400000000
[    0.000000] MTRR: Disabled
[    0.000000] x86/PAT: MTRRs disabled, skipping PAT initialization too.
[    0.000000] CPU MTRRs all blank - virtualized system.
[    0.000000] x86/PAT: Configuration [0-7]: WB  WT  UC- UC  WB  WT  UC- UC  
[    0.000000] e820: last_pfn = 0xdfff0 max_arch_pfn = 400000000
[    0.00000 found SMP MP-tbl at [mem 0x0009fff0-0x0009ffff] mapped at [ffff88000009fff0]
[    0.000000] Scanning 1 areas for low memory corruption
[    0.000000] RAMDISK: [mem 0x36aac000-0x3754dfff]
[    0.000000] ACPI: Early table checksum verification disabled
[    0.000000] ACPI: RSDP 0x00000000000E0000 000024 (v02 VBOX  )
[    0.000000] ACPI: XSDT x000000DFFF030 0003 (v01 VBOX   VBXXSD 0000001 ASL  00000061)
[    0.000000] ACPI: FAC0x00000000DFFF0F0 000F4(v04VBOX   VBOFAP 00000001 ASL 00006)
[    0.000000] ACPI: DSDT 0x00000000DFFF0470 0021FF (v02 VBOX   VBOXBIOS 00000002 INTL 20100528)
[    0.000000] ACPI: FACS 0x00000000DFFF0200  000040
[    0.000000] ACPI: FACS 0x0000000DFFF0200 000040
[    0.000000] ACPI: APIC 0x00000000DFFF0240 00005C (v02 VBOX   VBOXAPIC 00000001 ASL  00000061)
[    0.000000] ACPI: SSDT 0x00000000DFFF02A0 0001CC (v01 VBOX   VBOXCPUT 00000002 INTL 20100528)
[    0.000000] No NUMA configuration found
[    0.000000] Faking a node at [mem 0x0000000000000000-0x000000019ffffffff]
[    0.000000] NODE_DATA(0) allocated [mem 0x19fff7000-0x19fffbfff]
[    0.000000] kvm-clock: Using msrs 4b564d01 and 4b564d00
[    0.000000] kvm-clock: cpu 0, msr 1:9ffef001, primary cpu clock
[    0.000000] kvm-clock: using sched offset of 4464189621 cycles
[    0.000000] clocksource: kvm-clock: mask: 0xfffffffffffffff max_cycles: 0x1cd42e4dffb, max_idle_ns: 881590591483 ns
[    0.000000] Zone ranges:
[    0.000000]   DMA      [mem 0x0000000000001000-0x0000000000fffff]
[   0.00000]  DA32    [mem 0x0000000001000000-0x0000000fffffff]
[    0.0000]   Normal   [mem 0x0000000100000000-0x000000019fffffff]
[    0.000000]   Device   empty
[    0.000000] Movable zone start for each node
[    0.000000] Erly memory node ranges
[    0.000000]   node   0: [mem 0x0000000000001000-0x000000000009efff]
[    0.000000]   node   0: [mem 0x0000000000000-00x00000000dffeffff]
[    0.000000]   node  0: [mem 0x0000000100000000-0x000000019fffffff]
[    0.000000] Initmem setup node 0 [mem 0x0000000000001000-0x00000001ffffff]
[    0.000000] ACPI: PM-Timer IO Port: 0x4008
[    0.000000] IOAPIC[0]: apic_id 2, version 32, address 0xfec00000, GSI 0-23
[    0.000000] ACPI: INT_SRC_OVR (bus 0 bus_irq 0 global_irq 2 dfl dfl)
[    0.000000] ACPI: INT_SRC_OVR (bus 0 bus_irq 9 global_irq 9 low level)
[    0.000000] Using ACPI (MADT) for MP configuration information
[    0.000000] smpboot: Allowing 2 CPUs, 0 hotplug CPUs
[    0.000000] PM: Registered nosave memory: [mem 0x00000000-0x00000fff]
[    0.000000] PM: Registered nosave memory: [mem 0x0009f000-0x0009ffff]
[    0.000000] PM: Registered nosave memory: [mem 0x000a0000-0x000effff]
[    0.000000] PM: Registered nosave memory: [mem 0x000f0000-0x000fffff]
[    0.000000] PM: Registered nosave memory: [mem 0xdfff0000-0xdfffffff]
[   0.000000] PM: egistered nosave memory: [mem 0xe0000000-0xfebfffff]
[    0.000000] PM: Registered nssave memory: [mem 0xfec000-xfec00ff][[    0.000000] PM: Regsterd nosave memory: [mem 0xfec01000-0xfedfffff
[    0.000000] PM: Registered nosave memory: [mem 0xfee00000-0xfee00fff]
[    0.000000] PM: Registered nosave memory: [mem 0xfee01000-0xfffbffff]
[    0.000000] PM: Registered nosave memory: [mem 0xfffc0000-0xffffffff]
[    0.000000] e820: [mem 0xe00000000-0xfebfffff] available for PCI devices
[    0.000000] Booting paravirtualized kernel on VM
[    0.000000] clocksource: refined-jiffies: mask: 0xffffffff max_cyces: 0xffffffff, max_idle_ns: 7645519600211568 ns
[    0.0000]setup_percpu:NRCPUS:512 nr_cpumask_bits:512 nrcpuid:2 nr_node_ids:1
[    0.000000] PERCPU: Embedded 34 pages/cpu @ffff88019fc00000 s99544 r8192 d31528 u1048576
[    0.000000] PV qspinlock hash table entries: 256 (order: 0, 4096 bytes)
[    0.000000] Built 1 zonelists in Node order, mobility grouping on.  Tota pages: 1548152
[    0.000000] Policy zone: Normal
[    0.000000] Kernel command line: BOOT_IMAGE=/boot/vmlinuz-4.4.0-124-generic root=LABEL=cloudimg-rootfs ro console=tty1 console=ttyS0
[    0.000000] PID hash table entries: 4096 (order: 3, 32768 bytes)
[    0.000000] Memory: 6096532K/6291000K available (8532K kernel code, 1313K rwdata, 3996K rodata, 1508K init, 1316K bss, 194468K reserved, 0K cma-reserved)
[    0.000000] SLUB: HWalign=64, Order=0-3, nObjects=0, CPUs=2, Nodes=1
[    0.000000] Kernel/User page tables isolation: enabled
[    0.000000] ierarchical CU implementation.
[    0.000000] 	Build-time adjustmentof leaf fanot to64.
[    0.000000] 	RCU restricting CPUs from NR_CPUS=512 to nr_cpu_ids=2.
[    0.000000] RCU: Adjusting geometry for rcu_fanout_leaf=64, nr_cpu_ids=2
[    0.000000] NR_IRQS:33024 nr_irqs:440 16
[    0.000000] Console: colour VGA+ 80x25
[    0.000000] onsole [tty1] enabled
[    0.000000] console [ttyS0] enabled
[    0.000000] tsc: Detected 2904.000 MHz processor
[    3.596670] Calibrating delay loop (skipped) preset value.. 5808.00 BogoMIPS (lpj=11616000)
[    3.611902] pid_max: default: 32768 minimum: 301
[    3.630018] ACPI: Core revision 20150930
[    3.658099] ACPI: 2 ACPI AML tables successfully acquired and loaded
[    3.667920] Security Framework initialized
[    3.670945] Yama: becoming mindful.
[    3.694542] AppArmor: AppArmor initialized
[    3.706936] Dentry cache hash table entries: 1048576 (order: 11, 8388608 bytes)
[    3.735644] Inode-cache hash table entries: 524288 (order: 10, 4194304 bytes)
[    3.769440] Mount-cache hash table entries: 16384 (order: 5, 131072 bytes)
[    3.776541] Mountpoint-cache hash table entries: 16384 (order: 5, 131072 bytes)
[    3.781754] Initializing cgroup subsys io
[    3.790790] Initializing cgroup subsys memory
[    3.815540] Initializing cgroup subsys devices
[    3.827346] Initializing cgroup subsys freezer
[    3.829315] Initializing cgroup subsys net_cls
[    3.878386] Initializing cgroup subsys perf_event
[    3.894815] Initializing cgroup subsys net_prio
[    3.902956] Initializing cgroup subsys hugetlb
[    3.904885] Initializing cgroup subsys pids
[    3.906847] CPU: Physical Processor ID: 0
[    3.908615] CPU: Processor Core ID: 0
[    3.910304] FEATURE SPEC_CTRL Not Present
[    3.913249] mce: CPU supports 0 MCE banks
[    3.919374] Last level iTLB entries: 4KB 64, 2MB 8, 4MB 8
[    3.926504] Last level dTLB entries: 4KB 64, 2MB 0, 4MB 0, 1GB 4
[    3.929250] Spectre V2 mitigation: Mitigation: Full generic retpoline
[    3.935503] Spectre V2 mitigation: Speculation control IBPB not-supported IBRS not-supported
[    3.970420] Spectre V2 mitigation: Filling RSB on context switch
[    3.977563] Freeing SMP alternatives memory: 32K
[    3.987753] ftrace: allocating 32202 entries in 126 pages
[    4.073021] smpboot: APIC(0) Converting physical 0 to logical package 0
[    4.106898] smpboot: Max logical packages: 1
[    4.109037] x2apic enabled
[    4.110568] Switched APIC routing to physical x2apic.
[    4.136340] ..TIMER: vector=0x30 apic1=0 pin1=2 apic2=-1 pin2=-1
[    4.301719] APIC calibration not consistent with PM-Timer: 115ms instead of 100ms
[    4.347603] APIC delta adjusted to PM-Timer: 6246228 (7222702)
[    4.350197] smpboot: CPU0: Intel(R) Core(TM) i5-6267U CPU @ 2.90GHz (family: 0x6, model: 0x4e, stepping: 0x3)
[    4.403521] Performance Events: unsupported p6 CPU model 78 no PMU driver, software events only.
[    4.411381] KVM setup paravirtual spinlock
[    4.413912] x86: Booting SMP configuration:
[    4.415787] .... node  #0, CPUs:      #1
[    4.420807] kvm-clock: cpu 1, msr 1:9ffef041, secondary cpu clock
[    4.424004] mce: CPU supports 0 MCE banks
[    4.438803] x86: Booted up 1 node, 2 CPUs
[    4.440775] smpboot: Total of 2 processors activated (11616.00 BogoMIPS)
[    4.449855] devtmpfs: initialized
[    4.458908] evm: security.selinux
[    4.493397] evm: security.SMACK64
[    4.496257] evm: security.SMACK64EXEC
[    4.497890] evm: security.SMACK64TRANSMUTE
[    4.515526] evm: security.SMACK64MMAP
[    4.523866] evm: security.ima
[    4.527912] evm: security.capability
[    4.541440] clocksource: jiffies: mask: 0xffffffff max_cycles: 0xffffffff, max_idle_ns: 7645041785100000 ns
[    4.565705] futex hash table entries: 512 (order: 3, 32768 bytes)
[    4.600476] pinctrl core: initialized pinctrl subsystem
[    4.602809] RTC time: 19:53:46, date: 04/01/19
[    4.605213] NET: Registered protocol family 16
[    4.622732] cpuidle: using governor ladder
[    4.634559] cpuidle: using governor menu
[    4.637756] PCCT header not found.
[    4.640793] ACPI: bus type PCI registered
[    4.644056] acpiphp: ACPI Hot Plug PCI Controller Driver version: 0.5
[    4.649307] PCI: Using configuration type 1 for base access
[    4.668541] ACPI: Added _OSI(Module Device)
[    4.671804] ACPI: Added _OSI(Processor Device)
[    4.677203] ACPI: Added _OSI(3.0 _SCP Extensions)
[    4.681172] ACPI: Added _OSI(Processor Aggregator Device)
[    4.687852] ACPI: Executed 1 blocks of module-level executable AML code
[    4.698431] ACPI: Interpreter enabled
[    4.709117] ACPI: (supports S0 S5)
[    4.716449] ACPI: Using IOAPIC for interrupt routing
[    4.721076] PCI: Using host bridge windows from ACPI; if necessary, use "pci=nocrs" and report a bug
[    4.732212] ACPI: PCI Root Bridge [PCI0] (domain 0000 [bus 00-ff])
[    4.744619] acpi PNP0A03:00: _OSC: OS supports [ASPM ClockPM Segments MSI]
[    4.764689] acpi PNP0A03:00: _OSC: not requesting OS control; OS requires [ExtendedConfig ASPM ClockPM MSI]
[    4.800172] acpi PNP0A03:00: fail to add MMCONFIG information, can't access extended PCI configuration space under this bridge.
[    4.816251] PCI host bridge to bus 0000:00
[    4.831037] pci_bus 0000:00: root bus resource [io  0x0000-0x0cf7 window]
[    4.868239] pci_bus 0000:00: root bus resource [io  0x0d00-0xffff window]
[    4.902622] pci_bus 0000:00: root bus resource [mem 0x000a0000-0x000bffff window]
[    4.910417] pci_bus 0000:00: root bus resource [mem 0xe0000000-0xfdffffff window]
[    4.931414] pci_bus 0000:00: root bus resource [bus 00-ff]
[    4.949503] pci 0000:00:01.1: legacy IDE quirk: reg 0x10: [io  0x01f0-0x01f7]
[    4.968385] pci 0000:00:01.1: legacy IDE quirk: reg 0x14: [io  0x03f6]
[    4.971320] pci 0000:00:01.1: legacy IDE quirk: reg 0x18: [io  0x0170-0x0177]
[    4.974951] pci 0000:00:01.1: legacy IDE quirk: reg 0x1c: [io  0x0376]
[    5.076720] pci 0000:00:07.0: quirk: [io  0x4000-0x403f] claimed by PIIX4 ACPI
[    5.131523] pci 0000:00:07.0: quirk: [io  0x4100-0x410f] claimed by PIIX4 SMB
[    5.232387] ACPI: PCI Interrupt Link [LNKA] (IRQs 5 9 10 *11)
[    5.259563] ACPI: PCI Interrupt Link [LNKB] (IRQs 5 9 *10 11)
[    5.300963] ACPI: PCI Interrupt Link [LNKC] (IRQs 5 *9 10 11)
[    5.327253] ACPI: PCI Interrupt Link [LNKD] (IRQs 5 9 10 *11)
[    5.359453] ACPI: Enabled 2 GPEs in block 00 to 07
[    5.372971] vgaarb: setting as boot device: PCI:0000:00:02.0
[    5.427294] vgaarb: device added: PCI:0000:00:02.0,decodes=io+mem,owns=io+mem,locks=none
[    5.430800] vgaarb: loaded
[    5.432138] vgaarb: bridge control possible 0000:00:02.0
[    5.436976] SCSI subsystem initialized
[    5.443518] ACPI: bus type USB registered
[    5.470747] usbcore: registered new interface driver usbfs
[    5.516930] usbcore: registered new interface driver hub
[    5.524820] usbcore: registered new device driver usb
[    5.527333] PCI: Using ACPI for IRQ routing
[    5.530134] NetLabel: Initializing
[    5.531806] NetLabel:  domain hash size = 128
[    5.533721] NetLabel:  protocols = UNLABELED CIPSOv4
[    5.535960] NetLabel:  unlabeled traffic allowed by default
[    5.538202] amd_nb: Cannot enumerate AMD northbridges
[    5.540212] clocksource: Switched to clocksource kvm-clock
[    5.552811] AppArmor: AppArmor Filesystem Enabled
[    5.555301] pnp: nPACI nit[    5.737066] pnp: PnP ACPI: found 3 devices

[    5793443] clocksour: acpi_pm: msk: 0xffffff max_cycles: 0xffffff, max_idle_ns: 2085701024 ns
[    5.96071] NET:Registered protocol family 2

[    6.034372] TCP established hash table entries: 65536 (order: 7, 524288 bytes)
[   6.42496]TCP bind hash table entries: 556 (order: 8, 1048576bytes)
[    6.215233] TCP: Hash tables configured (established 65536 bind 65536)
[    6.218287] UDP hash table entries: 4096 (order: 5, 131072 bytes)
[   .24969] UDP-ite as table entries: 406 (ode: 5, 131072 bytes)
[   .5372] NT: Registered protocol family 1
[    6.695896] pci 0000:00:00.0: Limiting direct PCI/PCI transfers
[    6.698733] pci 0000:00:01.0: Activating ISA DMA hang workarounds
[   6.0358] Unacing initramfs...

[    9.409481] Freeing initrd memory: 10888K
[    9.411381] PCI-DMA: Using software bounce buffering for IO (SWIOTLB)
[    9.414692] software IO TLB [mem 0xdbff0000-0xdfff0000] (64MB) mapped at [ffff8800dbff0000-ffff8800dffeffff]
[    9.423511] platform rtc_cmos: registered platform RTC device (no PNP device found)
[    9.427551] Scanning for low memory corruption every 60 seconds
[    9.431308] audit: initializing netlink subsys (disabled)
[    9.434282] audit: type=2000 audit(1554148432.568:1): initialized
[    9.437199] Initialise system trusted keyring
[    9.440305] HugeTLB registered 2 MB page size, pre-allocated 0 pages
[    9.458896] zbud: loaded
[    9.473228] VFS: Disk quotas dquot_6.6.0
[    9.488846] VFS: Dquot-cache hash table entries: 512 (order 0, 4096 bytes)
[    9.548857] squashfs: version 4.0 (2009/01/31) Phillip Lougher
[    9.56934] se init (APversion 7.23)

[    9.802352] Key type big_key registered
[    9.805159] Allocating IMA MOK and blacklist keyrings.
[    9.824752] Key type asymmetric registered
[    9.863609] Asymmetric key parser 'x509' registered
[    9.866042] Block layer SCSI generic (bsg) driver version 0.4 loaded (major 249)
[    9.910192] io scheduler noop registered
[    9.933043] io scheduler deadline registered (default)
[    9.961682] io scheduler cfq registered
[   10.012180] pci_hotplug: PCI Hot Plug PCI Core version: 0.5
[   10.027867] pciehp: PCI Express Hot Plug Controller Driver version: 0.4
[   10.031425] ACPI: AC Adapter [AC] (on-line)
[   10.036343] input: Power Button as /devices/LNXSYSTM:00/LNXPWRBN:00/input/input0
[   10.044869] ACPI: Power Button [PWRF]
[   10.054645] input: Sleep Button as /devices/LNXSYSTM:00/LNXSLPBN:00/input/input1
[   10.067487] ACPI: Sleep Button [SLPF]
[   10.080014] ACPI: Battery Slot [BAT0] (battery present)
[   10.085439] GHES: HEST is not enabled!
[   10.088094] Serial: 8250/16550 driver, 32 ports, IRQ sharing enabled
[   10.139840] 00:02: ttyS0 at I/O 0x3f8 (irq = 4, base_baud = 115200) is a 16550A
[   10.165099] Linux agpgart interface v0.103
[   10.169362] loop: module loaded
[   10.175027] scsi host0: ata_piix
[   10.186949] scsi host1: ata_piix
[   10.219161] ata1: PATA max UDMA/33 cmd 0x1f0 ctl 0x3f6 bmdma 0xd000 irq 14
[   10.253697] ata2: PATA max UDMA/33 cmd 0x170 ctl 0x376 bmdma 0xd008 irq 15
[   10.260555] libphy: Fixed MDIO Bus: probed
[   10.262801] tun: Universal TUN/TAP device driver, 1.6
[   10.265078] tun: (C) 1999-2004 Max Krasnyansky <maxk@qualcomm.com>
[   10.272443] PPP generic driver version 2.4.2
[   10.274781] ehci_hcd: USB 2.0 'Enhanced' Host Controller (EHCI) Driver
[   10.278301] ehci-pci: EHCI PCI platform driver
[   10.280607] ehci-platform: EHCI generic platform driver
[   10.283158] ohci_hcd: USB 1.1 'Open' Host Controller (OHCI) Driver
[   10.285918] ohci-pci: OHCI PCI platform driver
[   10.287769] ohci-platform: OHCI generic platform driver
[   10.289864] uhci_hcd: USB Universal Host Controller Interface driver
[   10.323418] i8042: PNP: PS/2 Controller [PNP0303:PS2K,PNP0f03:PS2M] at 0x60,0x64 irq 1,12
[   10.333712] serio: i8042 KBD port at 0x60,0x64 irq 1
[   10.341934] serio: i8042 AUX port at 0x60,0x64 irq 12
[   10.352871] mousedev: PS/2 mouse device common for all mice
[   10.366614] rtc_cmos rtc_cmos: rtc core: registered rtc_cmos as rtc0
[   10.386597] rtc_cmos rtc_cmos: alarms up to one day, 114 bytes nvram
[   10.400982] i2c /dev entries driver
[   10.403281] input: AT Translated Set 2 keyboard as /devices/platform/i8042/serio0/input/input2
[   10.436718] tsc: Refined TSC ocksource calibration 290.091MHz

[   10.618752] clocksource: tsc: mask: 0xffffffffffffffff max_cycles: 0x29e00c64b32, max_idle_ns: 440795355104 ns
[   10.619046] device-mapper: uevent: version 1.0.3
[   10.619116] device-mapper: ioctl: 4.34.0-ioctl (2015-10-28) initialised: dm-devel@redhat.com
[   10.619131] ledtrig-cpu: registered to indicate activity on CPUs
[   10.619376] NET: Registered protocol family 10
[   10.619502] NET: Registered protocol family 17
[   10.619509] Key type dns_resolver registered
[   10.619710] registered taskstats version 1
[   10.619724] Loading compiled-in X.509 certificates
[   10.620324] Loaded X.509 cert 'Build time autogenerated kernel key: 97a7db5071cab428e7f67f96f51ed8d32b3fc527'
[   10.620339] zswap: loaded using pool lzo/zbud
[   10.622552] Key type trusted registered
[   10.625216] Key type encrypted registered
[   10.625226] AppArmor: AppArmor sha1 policy hashing enabled
[   10.625230] ima: No TPM chip found, activating TPM-bypass!
[   10.625257] evm: HMAC attrs: 0x1
[   10.626205]   Magic number: 15:416:899
[   10.653980] rtc_cmos rtc_cmos: setting system clock to 2019-04-01 19:53:52 UTC (1554148432)
[   10.654117] BIOS EDD facility v0.16 2004-Jun-25, 0 devices found
[   10.654118] EDD information not available.
[   11.099454] Freeing unused kernel memory: 1508K
[   11.120431] Write protecting the kernel read-only data: 14336k
[   11.129493] Freeing unused kernel memory: 1696K
[   11.131818] Freeing unused kernel memory: 100K
Loading, please wait...
starting version[   11.159044] random: systemd-udevd: uninitialized urandom read (16 bytes read, 5 bits of entropy available)
 229
[   11.160740] random: udevadm: uninitialized urandom read (16 bytes read, 5 bits of entropy available)
[   11.160776] random: udevadm: uninitialized urandom read (16 bytes read, 5 bits of entropy available)
[   11.176747] random: udevadm: uninitialized urandom read (16 bytes read, 5 bits of entropy available)
[   11.176808] random: udevadm: uninitialized urandom read (16 bytes read, 5 bits of entropy available)
[   11.177001] random: udevadm: uninitialized urandom read (16 bytes read, 5 bits of entropy available)
[   11.177281] random: udevadm: uninitialized urandom read (16 bytes read, 5 bits of entropy available)
[   11.177398] random: udevadm: uninitialized urandom read (16 bytes read, 5 bits of entropy available)
[   11.177472] random: udevadm: uninitialized urandom read (16 bytes read, 5 bits of entropy available)
[   11.177533] random: udevadm: uninitialized urandom read (16 bytes read, 5 bits of entropy available)
[   11.372451] e1000: Intel(R) PRO/1000 Network Driver - version 7.3.21-k8-NAPI
[   11.397713] e1000: Copyright (c) 1999-2006 Intel Corporation.
[   11.439532] Fusion MPT base driver 3.04.20
[   11.482160] Copyright (c) 1999-2008 LSI Corporation
[   11.582997] Fusion MPT SPI Host driver 3.04.20
[   11.612386] AVX2 version of gcm_enc/dec engaged.
[   11.618395] AES CTR mode by8 optimization enabled
[   11.727626] input: ImExPS/2 Generic Explorer Mouse as /devices/platform/i8042/serio1/input/input4
[   12.269518] e1000 0000:00:03.0 eth0: (PCI:33MHz:32-bit) 02:ac:a2:c8:15:3b
[   12.527674] e1000 0000:00:03.0 eth0: Intel(R) PRO/1000 Network Connection
[   12.592061] mptbase: ioc0: Initiating bringup
[   12.723434] ioc0: LSI53C1030 A0: Capabilities={Initiator}
[   13.605682] scsi host2: ioc0: LSI53C1030 A0, FwRev=00000000h, Ports=1, MaxQ=256, IRQ=20
[   14.163549] scsi 2:0:0:0: Direct-Access     VBOX     HARDDISK         1.0  PQ: 0 ANSI: 5
[   14.202665] scsi target2:0:0: Beginning Domain Validation
[   14.223397] scsi target2:0:0: Domain Validation skipping write tests
[   14.258025] scsi target2:0:0: Ending Domain Validation
[   14.265752] scsi target2:0:0: asynchronous
[   14.314495] scsi 2:0:1:0: Direct-Access     VBOX     HARDDISK         1.0  PQ: 0 ANSI: 5
[   14.342176] scsi target2:0:1: Beginning Domain Validation
[   14.348995] scsi target2:0:1: Domain Validation skipping write tests
[   14.352481] scsi target2:0:1: Ending Domain Validation
[   14.400185] scsi target2:0:1: asynchronous
[   14.429600] sd 2:0:0:0: Attached scsi generic sg0 type 0
[   14.463167] sd 2:0:0:0: [sda] 20971520 512-byte logical blocks: (10.7 GB/10.0 GiB)
[   14.491783] sd 2:0:1:0: Attached scsi generic sg1 type 0
[   14.494501] sd 2:0:0:0: [sda] Write Protect is off
[   14.496876] sd 2:0:1:0: [sdb] 20480 512-byte logical blocks: (10.5 MB/10.0 MiB)
[   14.513003] sd 2:0:0:0: [sda] Incomplete mode parameter data
[   14.517308] sd 2:0:0:0: [sda] Assuming drive cache: write through
[   14.522410] sd 2:0:1:0: [sdb] Write Protect is off
[   14.525248] sd 2:0:1:0: [sdb] Incomplete mode parameter data
[   14.528439] sd 2:0:1:0: [sdb] Assuming drive cache: write through
[   14.564860]  sda: sda1
[   14.592415] sd 2:0:1:0: [sdb] Attached SCSI disk
[   14.601347] sd 2:0:0:0: [sda] Attached SCSI disk
[   15.019256] e1000 0000:00:08.0 eth1: (PCI:33MHz:32-bit) 08:00:27:a6:5d:c2
[   15.025541] e1000 0000:00:08.0 eth1: Intel(R) PRO/1000 Network Connection
[   15.029748] e1000 0000:00:03.0 enp0s3: renamed from eth0
[   15.046170] e1000 0000:00:08.0 enp0s8: renamed from eth1
Begin: Loading essential drivers ... [   16.629426] md: linear personality registered for level -1
[   16.641293] md: multipath personality registered for level -4
[   16.655352] md: raid0 personality registered for level 0
[   16.666106] md: raid1 personality registered for level 1
[   16.752231] raid6: sse2x1   gen()  5762 MB/s
[   16.824753] raid6: sse2x1   xor()  2068 MB/s
[   16.900242] raid6: sse2x2   gen()  8496 MB/s
[   16.968342] raid6: sse2x2   xor()  3660 MB/s
[   17.040462] raid6: sse2x4   gen() 10424 MB/s
[   17.108286] raid6: sse2x4   xor()  5400 MB/s
[   17.184514] raid6: avx2x1   gen() 13306 MB/s
[   17.253154] raid6: avx2x2   gen()  9494 MB/s
[   17.332232] raid6: avx2x4   gen() 15987 MB/s
[   17.334367] raid6: using algorithm avx2x4 gen() 15987 MB/s
[   17.337740] raid6: using avx2x2 recovery algorithm
[   17.341838] xor: automatically using best checksumming function:
[   17.384288]    avx       : 16373.000 MB/sec
[   17.395270] async_tx: api initialized (async)
[   17.413350] md: raid6 personality registered for level 6
[   17.417323] md: raid5 personality registered for level 5
[   17.420120] md: raid4 personality registered for level 4
[   17.432538] md: raid10 personality registered for level 10
done.
Begin: Running /scripts/init-premount ... done.
Begin: Mounting root file system ... Begin: Running /scripts/local-top ... done.
Begin: Running /scripts/local-premount ... [   17.489674] Btrfs loaded
Scanning for Btrfs filesystems
done.
Warning: fsck not present, so skipping root file system
[   17.564408] EXT4-fs (sda1): mounted filesystem with ordered data mode. Opts: (null)
done.
Begin: Running /scripts/local-bottom ... done.
Begin: Running /scripts/init-bottom ... done.
[   17.933855] systemd[1]: systemd 229 running in system mode. (+PAM +AUDIT +SELINUX +IMA +APPARMOR +SMACK +SYSVINIT +UTMP +LIBCRYPTSETUP +GCRYPT +GNUTLS +ACL +XZ -LZ4 +SECCOMP +BLKID +ELFUTILS +KMOD -IDN)
[   17.953501] systemd[1]: Detected virtualization oracle.
[   17.957424] systemd[1]: Detected architecture x86-64.

Welcome to [1mUbuntu 16.04.4 LTS[0m!

[   17.967509] systemd[1]: Set hostname to <ubuntu>.
[   17.974606] systemd[1]: Initializing machine ID from random generator.
[   17.984883] systemd[1]: Installed transient /etc/machine-id file.
[   18.221389] random: nonblocking pool is initialized
[   18.386830] systemd[1]: Reached target Encrypted Volumes.
[[0;32m  OK  [0m] Reached target Encrypted Volumes.
[   18.395211] systemd[1]: Listening on Journal Audit Socket.
[[0;32m  OK  [0m] Listening on Journal Audit Socket.
[   18.402555] systemd[1]: Started Trigger resolvconf update for networkd DNS.
[[0;32m  OK  [0m] Started Trigger resolvconf update for networkd DNS.
[   18.443082] systemd[1]: Reached target System Time Synchronized.
[[0;32m  OK  [0m] Reached target System Time Synchronized.
[   18.451020] systemd[1]: Created slice User and Session Slice.
[[0;32m  OK  [0m] Created slice User and Session Slice.
[   18.458385] systemd[1]: Listening on Journal Socket.
[[0;32m  OK  [0m] Listening on Journal Socket.
[   18.473892] systemd[1]: Listening on Syslog Socket.
[[0;32m  OK  [0m] Listening on Syslog Socket.
[   18.509363] systemd[1]: Listening on LVM2 poll daemon socket.
[[0;32m  OK  [0m] Listening on LVM2 poll daemon socket.
[  18.530058] systemd[1]: Listening on Device-mapper event daemon FIFOs.

[[0;32m  OK  [0m] Listening on Device-mapper event daemon FIFOs.
[   18.578299] systemd[1]: Listening on LVM2 metadata daemon socket.
[[0;32m  OK  [0m] Listening on LVM2 metadata daemon socket.
[  18.617243] systemd[1]: Listening on Journal Socket (/dev/log).
[[0;32m  OK  [0m] Listening on Journal Socket (/dev/log).
[   18.672908] systemd[1]: Listening on udev Kernel Socket.
[[0;32m  OK  [0m] Listening on udev Kernel Socket.
[   18.682836] systemd[1]: Reached target User and Group Name Lookups.
[[0;32m  OK  [0m] Reached target User and Group Name Lookups.
[   18.691987] systemd[1]: Reached target Swap.
[[0;32m  OK  [0m] Reached target Swap.
[  18.714146] systemd[1]: Created slice System Slice.

[[0;32m  OK  [0m] Created slice System Slice.
[   18.773104] systemd[1]: Starting Uncomplicated firewall...
         Starting Uncomplicated firewall...
[   18.786642] systemd[1]: Starting Remount Root and Kernel File Systems...
         Starting Remount Root and Kernel File Systems...
[   18.807484] systemd[1]: Mounting Debug File System...
         Mounting Debug File System...
[   18.812964] EXT4-fs (sda1): re-mounted. Opts: (null)
[   18.819004] systemd[1]: Starting Journal Service...
         Starting Journal Service...
[   18.836811] systemd[1]: Starting Create list of required static device nodes for the current kernel...
         Starting Create list of required st... nodes for the current kernel...
[   18.913146] systemd[1]: Starting Load Kernel Modules...
         Starting Load Kernel Modules...
[   18.931364] systemd[1]: Starting Set console keymap...
         Starting Set console keymap...
[   18.938442] systemd[1]: Starting Monitoring of LVM2 mirrors, snapshots etc. using dmeventd or progress polling...
         Starting Monitoring of LVM2 mirrors... dmeventd or progress polling...
[   18.949995] systemd[1]: Mounting POSIX Message Queue File System...
         Mounting POSIX Message Queue File System...
[   18.960000] systemd[1]: Created slice system-serial\x2dgetty.slice.
[[   18.964049] Loading iSCSI transport class v2.0-870.
[0;32m  OK  [0m] Created slice system-serial\x2dgetty.slice.
[   18.985522] systemd[1]: Starting Nameserver information manager...
         Starting Nameserver information manager...
[   19.013632] systemd[1]: Listening on /dev/initctl Compatibility Named Pipe.
[[0;32m  OK  [0m] Listening on /dev/initctl Compatibility Named Pipe.
[   19.022317] systemd[1]: Reached target Slices.
[[0;32m  OK  [0m] Reached target Slices.
[   19.036048] systemd[1]: Started Forward Password Requests to Wall Directory Watch.
[[0;32m  OK  [0m] Started Forward Password Requests to Wall Direct[   19.051662] iscsi: registered transport (tcp)
ory Watch.
[   19.068651] systemd[1]: Mounting Huge Pages File System...
         Mounting Huge Pages File System...
[   19.075422] systemd[1]: Set up automount Arbitrary Executable File Formats File System Automount Point.
[[0;32m  OK  [0m] Set up automount Arbitrary Executab...ats File System Automount Point.
[   19.118194] systemd[1]: Listening on udev Control Socket.
[[0;32m  OK  [0m] Listening on udev Control Socket.
[   19.161219] iscsi: registered transport (iser)
[   19.190587] systemd[1]: Mounted Huge Pages File System.
[[0;32m  OK  [0m] Mounted Huge Pages File System.
[   19.203297] systemd[1]: Mounted Debug File System.
[[0;32m  OK  [0m] Mounted Debug File System.
[   19.50384] systemd[1]: MountedPOIX Message Queue File System.
[[0;32m  OK  [0m] Mounted POSIX Message Queue File System.
[  1.676170] systemd[1]: Started Journal Service.

[[0;32m  OK  [0m] Started Journal Service.
[[0;32m  OK  [0m] Started Uncomplicated firewall.
[[0;32m  OK  [0m] Started Remount Root and Kernel File Systems.
[[0;32m  OK  [0m] Started Create list of required sta...ce nodes for the current kernel.
[[0;32m  OK  [0m] Started Load Kernel Modules.
[[0;32m  OK  [0m] Started Set console keymap.
[[0;32m  OK  [0m] Started Nameserver information manager.
[[0;32m  OK  [0m] Started LVM2 metadata daemon.
         Mounting FUSE Control File System...
         Starting Apply Kernel Variables...
         Starting Create Static Device Nodes in /dev...
         Starting udev Coldplug all Devices...
         Starting Initial cloud-init job (pre-networking)...
         Starting Load/Save Random Seed...
         Starting Flush Journal to Persistent Storage...
[[0;32m  OK  [0m] Mounted FUSE Control File System.
[[0;32m  OK  [0m] Started Apply Kernel Variables.
[[0;32m  OK  [0m] Started Create Static Device Nodes in /dev.
[[0;32m  OK  [0m] Started Load/Save Random Seed.
[[0;32m  OK  [0m] Started udev Coldplug all Devices.
         Starting udev Kernel Device Manager...
[[0;32m  OK  [0m] Started Flush Journal to Persistent Storage.
[[0;32m  OK  [0m] Started udev Kernel Device Manager.
[[0;32m  OK  [0m] Started Dispatch Password Requests to Console Directory Watch.
[[0;32m  OK  [0m] Found device /dev/ttyS0.
[[0;32m  OK  [0m] Started Monitoring of LVM2 mirrors,...ng dmeventd or progress polling.
[[0;32m  OK  [0m] Reached target Local File Systems (Pre).
[[0;32m  OK  [0m] Reached target Local File Systems.
         Starting LSB: AppArmor initialization...
         Starting Set console font and keymap...
         Starting Tell Plymouth To Write Out Runtime Data...
         Starting Commit a transient machine-id on disk...
         Starting Create Volatile Files and Directories...
[[0;32m  OK  [0m] Started Create Volatile Files and Directories.
[[0;32m  OK  [0m] Started Tell Plymouth To Write Out Runtime Data.
[[0;32m  OK  [0m] Started Commit a transient machine-id on disk.
         Starting Update UTMP about System Boot/Shutdown...
[[0;32m  OK  [0m] Started Update UTMP about System Boot/Shutdown.
[[0;32m  OK  [0m] Listening on Load/Save RF Kill Switch Status /dev/rfkill Watch.
[   17.086593] cloud-init[446]: Cloud-init v. 18.2 running 'init-local' at Mon, 01 Apr 2019 19:54:03 +0000. Up 16.60 seconds.
[[0;32m  OK  [0m] Started Initial cloud-init job (pre-networking).
[[0;32m  OK  [0m] Reached target Network (Pre).
[[0;32m  OK  [0m] Started LSB: AppArmor initialization.
         Starting Raise network interfaces...
[[0;32m  OK  [0m] Started Set console font and keymap.
[[0;32m  OK  [0m] Created slice system-getty.slice.
[[0;32m  OK  [0m] Started Raise network interfaces.
[[0;32m  OK  [0m] Reached target Network.
         Starting Initial cloud-init job (metadata service crawler)...
[   19.271673] cloud-init[938]: Cloud-init v. 18.2 running 'init' at Mon, 01 Apr 2019 19:54:05 +0000. Up 18.54 seconds.
[   19.334383] cloud-init[938]: ci-info: ++++++++++++++++++++++++++++++++++++++Net device info++++++++++++++++++++++++++++++++++++++
[   19.371610] cloud-init[938]: ci-info: +--------+-------+----------------------------+---------------+-------+-------------------+
[   19.372923] cloud-init[938]: ci-info: | Device |   Up  |          Address           |      Mask     | Scope |     Hw-Address    |
[   19.373666] cloud-init[938]: ci-info: +--------+-------+----------------------------+---------------+-------+-------------------+
[[0;32m  OK  [0m] Started Initial cloud-init job (metadata service crawler).
[   19.374114] cloud-init[938]: ci-info: | enp0s3 |  True |         10.0.2.15          | 255.255.255.0 |   .   | 02:ac:a2:c8:15:3b |
[   19.493570] cloud-init[938]: ci-info: | enp0s3 |  True | fe80::ac:a2ff:fec8:153b/64 |       .       |  link | 02:ac:a2:c8:15:3b |
[   19.494734] cloud-init[938]: ci-info: | enp0s8 | False |             .              |       .       |   .   | 08:00:27:a6:5d:c2 |
[   19.495440] cloud-init[938]: ci-info: |   lo   |  True |         127.0.0.1          |   255.0.0.0   |   .   |         .         |
[   19.496194] cloud-init[938]: ci-info: |   lo   |  True |          ::1/128           |       .       |  host |         .         |
[   19.496863] cloud-init[938]: ci-info: +--------+-------+----------------------------+---------------+-------+-------------------+
[   19.497565] cloud-init[938]: ci-info: +++++++++++++++++++++++++++Route IPv4 info++++++++++++++++++++++++++++
[   19.498344] cloud-init[938]: ci-info: +-------+-------------+----------+---------------+-----------+-------+
[   19.498405] cloud-init[938]: ci-info: | Route | Destination | Gateway  |    Genmask    | Interface | Flags |
[   19.498459] cloud-init[938]: ci-info: +-------+-------------+----------+---------------+-----------+-------+
[   19.498519] cloud-init[938]: ci-info: |   0   |   0.0.0.0   | 10.0.2.2 |    0.0.0.0    |   enp0s3  |   UG  |
[   19.498578] cloud-init[938]: ci-info: |   1   |   10.0.2.0  | 0.0.0.0  | 255.255.255.0 |   enp0s3  |   U   |
[   19.498628] cloud-init[938]: ci-info: +-------+-------------+----------+---------------+-----------+-------+
[   19.498781] cloud-init[938]: Generating public/private rsa key pair.
[[   19.498851] cloud-init[938]: Your identification has been saved in /etc/ssh/ssh_host_rsa_key.
[0;32m  OK  [0m] Reached target Network is Online.
[   19.499007] cloud-init[938]: Your public key has been saved in /etc/ssh/ssh_host_rsa_key.pub.
[   19.815981] cloud-init[938]: The key fingerprint is:
[   19.820819] cloud-init[938]: SHA256:63YTgSXx7hfTKJr0vOBJ5rgteK2QRgQh81tkbzkZfDw root@ubuntu-xenial         Starting iSCSI initiator daemon (iscsid)...

[[0;32m  OK  [0m[   19.829955] cloud-init[938]: The key's randomart image is:
[   19.831227] cloud-init[938]: +---[RSA 2048]----+
[   19.831931] cloud-init[938]: |o o.o.....       |
[   19.832958] cloud-init[938]: | + + ..+E..      |
[   19.833466] cloud-init[938]: |  . o *. =.      |
[   19.834255] cloud-init[938]: |   + . ....  o   |
[   19.834596] cloud-init[938]: |  . .   S o.+ .  |
[   19.836175] cloud-init[938]: |   . . . B.. o   |
] Reached target Cloud-config availability.
[[0;32m  OK  [0m] Reached target System Initialization.
         Starting LXD - unix socket.
[[0;32m  OK  [0m] Listening on UUID daemon activation socket.
[[0;32m  OK  [0m] Listening on ACPID Listen Socket.
[[0;32m  OK  [0m] Listening on D-Bus System Message Bus Socket.
[[0;32m  OK  [0m] Started Daily apt download activities.
[[0;32m  OK  [0m] Started Daily apt upgrade and clean activities.
[   19.836662] cloud-init[938]: |    +. .B +..    |
[   19.981901] cloud-init[938]: |   ...oOoooo     |
[   19.982754] cloud-init[938]: |     .+=*...     |
[   19.983247] cloud-init[938]: +----[SHA256]-----+
[   19.983924] cloud-init[938]: Generating public/private dsa key pair.
[   19.984616] cloud-init[938]: Your identification has been saved in /etc/ssh/ssh_host_dsa_key.
[   19.985245] cloud-init[938]: Your public key has been saved in /etc/ssh/ssh_host_dsa_key.pub.
[   19.985904] cloud-init[938]: The key fingerprint is:
[   19.985945] cloud-init[938]: SHA256:um/dLhAeZOLZXkofDmVpf20fvrzEqNuaVRN42jRljx4 root@ubuntu-xenial
[[0;32m  OK  [0m] Started ACPI Events Check.
[   19.985979] cloud-init[938]: The key's randomart image is:
[   20.022800] cloud-init[938]: +---[DSA 1024]----+
[   20.030198] cloud-init[938]: |           .    o|
[   20.030958] cloud-init[938]: |      . o =   .oo|
[   20.031420] cloud-init[938]: |     . * + . .E*.|
[   20.031881] cloud-init[938]: |      o * o ..*o=|
[   20.032862] cloud-init[938]: |       +SO . oo=o|
[   20.033355] cloud-init[938]: |       .= o   +.o|
[   20.033837] cloud-init[938]: |      .  o . o.o.|
[   20.034318] cloud-init[938]: |       .. o * .o |
[   20.034802] cloud-init[938]: |      .o.  B+. ..|
[   20.035290] cloud-init[938]: +----[SHA256]-----+
[   20.035779] cloud-init[938]: Generating public/private ecdsa key pair.
[   20.036756] cloud-init[938]: Your identification has been saved in /etc/ssh/ssh_host_ecdsa_key.
[   20.037261] cloud-init[938]: Your public key has been saved in /etc/ssh/ssh_host_ecdsa_key.pub.
[   20.038525] cloud-init[938]: The key fingerprint is:
[   20.039001] cloud-init[938]: SHA256:iYhT4HAGE5zP96jhhXLuKcgmHqUGDDm2rvnXE9r5wKs root@ubuntu-xenial
[   20.039460] cloud-init[938]: The key's randomart image is:
[   20.040018] cloud-init[938]: +---[ECDSA 256]---+
[   20.041794] cloud-init[938]: |*o=              |
[[0;32m  OK  [0m] Reached target Paths.
[   20.042342] [[0;32m  OK  [0m] Started Daily Cleanup of Temporary Directories.
[[0;32m  OK  [0m] Reached target Timers.
cloud-init[938]: | X .             |
[   20.085093] cloud-init[938]: |+.+ .            |
[   20.086407] cloud-init[938]: |+..= o . .       |
[   20.087542] cloud-init[938]: |.oo.+ + S        |
[   20.091984] cloud-init[938]: |o.o= +..         |
[   20.093096] cloud-init[938]: |o== ++oo         |
[   20.093642] cloud-init[938]: |==.++ =o         |
         Starting Socket activation for snappy daemon.
[   20.094849] cloud-init[938]: |*o++E..o.        |
[   20.132532] cloud-init[938]: +----[SHA256]-----+
[   20.133636] cloud-init[938]: Generating public/private ed25519 key pair.
[   20.133746] cloud-init[938]: Your identification has been saved in /etc/ssh/ssh_host_ed25519_key.
[   20.135780] cloud-init[938]: Your public key has been saved in /etc/ssh/ssh_host_ed25519_key.pub.
[   20.136664] cloud-init[938]: The key fingerprint is:
[   20.137141] cloud-init[938]: SHA256:kLcvTE0EnVYP5oOWmnulqCNI/FdW8PU6mx6XED2RsBo root@ubuntu-xenial
[   20.137915] cloud-init[938]: The key's randomart image is:
[   20.139848] cloud-init[938]: +--[ED25519 256]--+
[[0;32m  OK  [0m] Listening on LXD - unix socket.
[[   20.143170] cloud-init[938]: |        .o.o=... |
[   20.403150] cloud-init[938]: |       ...+=.=.. |
[   20.403573] cloud-init[938]: |      o .+E.=.+  |
[   20.406806] cloud-init[938]: |       o Boo o.. |
[   20.407300] cloud-init[938]: | .      S.o o.   |
[   20.407917] cloud-init[938]: |  o    oo+ oo. . |
[   20.409134] cloud-init[938]: | . o   o= + .+o  |
[   20.409817] cloud-init[938]: |  . o o. o  oo   |
[   20.410424] cloud-init[938]: |     o..   ..    |
[   20.410996] cloud-init[938]: +----[SHA256]-----+
[0;32m  OK  [0m] Listening on Socket activation for snappy daemon.
[[0;32m  OK  [0m] Started iSCSI initiator daemon (iscsid).
         Starting Login to default iSCSI targets...
[[0;32m  OK  [0m] Reached target Sockets.
[[0;32m  OK  [0m] Reached target Basic System.
         Starting LSB: MD monitoring daemon...
         Starting /etc/rc.local Compatibility...
         Starting LXD - container startup/shutdown...
         Starting Virtualbox guest utils...
[[0;32m  OK  [0m] Started Regular background program processing daemon.
[[0;32m  OK  [0m] Started Deferred execution scheduler.
         Starting Snappy daemon...
         Starting LSB: Record successful boot for GRUB...
         Starting Login Service...
[[0;32m  OK  [0m] Started Unattended Upgrades Shutdown.
[[0;32m  OK  [0m] Started ACPI event daemon.
         Starting Apply the settings specified in cloud-config...
[[0;32m  OK  [0m] Started D-Bus System Message Bus.
         Starting System Logging Service...
         Starting Accounts Service...
         Starting Pollinate to seed the pseudo random number generator...
[[0;32m  OK  [0m] Started FUSE filesystem for LXC.
[[0;32m  OK  [0m] Started Snappy daemon.
[[0;32m  OK  [0m] Started System Logging Service.
[[0;32m  OK  [0m] Started /etc/rc.local Compatibility.
[[0;32m  OK  [0m] Started LXD - container startup/shutdown.
[[0;32m  OK  [0m] Started LSB: MD monitoring daemon.
[[0;32m  OK  [0m] Started Login to default iSCSI targets.
[[0;32m  OK  [0m] Started LSB: Record successful boot for GRUB.
[[0;32m  OK  [0m] Started Login Service.
         Starting Authenticate and Authorize Users to Run Privileged Tasks...
[[0;32m  OK  [0m] Reached target Remote File Systems (Pre).
[[0;32m  OK  [0m] Reached target Remote File Systems.
         Starting LSB: daemon to balance interrupts for SMP systems...
         Starting LSB: automatic crash report generation...
         Starting LSB: Set the CPU Frequency Scaling governor to "ondemand"...
         Starting Permit User Sessions...
[[0;32m  OK  [0m] Started Virtualbox guest utils.
[[0;32m  OK  [0m] Started Permit User Sessions.
[[0;32m  OK  [0m] Started Authenticate and Authorize Users to Run Privileged Tasks.
[[0;32m  OK  [0m] Started Accounts Service.
         Starting Terminate Plymouth Boot Screen...
         Starting Hold until boot process finishes up...
[[0;32m  OK  [0m] Started LSB: Set the CPU Frequency Scaling governor to "ondemand".
[[0;32m  OK  [0m] Started LSB: automatic crash report generation.
[[0;32m  OK  [0m] Started LSB: daemon to balance interrupts for SMP systems.
[[0;32m  OK  [0m] Started Terminate Plymouth Boot Screen.
[[0;32m  OK  [0m] Started Hold until boot process finishes up.
         Starting Set console scheme...
[[0;32m  OK  [0m] Started Serial Getty on ttyS0.
[[0;32m  OK  [0m] Started Getty on tty1.
[[0;32m  OK  [0m] Reached target Login Prompts.
[[0;32m  OK  [0m] Started Set console scheme.
[[0;32m  OK  [0m] Started Pollinate to seed the pseudo random number generator.
         Starting OpenBSD Secure Shell server...
[[0;32m  OK  [0m] Started OpenBSD Secure Shell server.
[[0;32m  OK  [0m] Reached target Multi-User System.
[[0;32m  OK  [0m] Reached target Graphical Interface.
         Starting Update UTMP about System Runlevel Changes...
[[0;32m  OK  [0m] Started Update UTMP about System Runlevel Changes.
[   22.373806] cloud-init[1064]: Generating locales (this might take a while)...
[[0;32m  OK  [0m] Created slice User Slice of vagrant.
         Starting User Manager for UID 1000...
[[0;32m  OK  [0m] Started Session 1 of user vagrant.
[[0;32m  OK  [0m] Started User Manager for UID 1000.
[   24.289421] cloud-init[1064]:   en_US.UTF-8... done
[   24.297736] cloud-init[1064]: Generation complete.
[   24.935202] cloud-init[1064]: Cloud-init v. 18.2 running 'modules:config' at Mon, 01 Apr 2019 19:54:08 +0000. Up 21.81 seconds.
[[0;32m  OK  [0m] Started Apply the settings specified in cloud-config.
         Starting Execute cloud user/final scripts...
ci-info: no authorized ssh keys fingerprints found for user ubuntu.
<14>Apr  1 19:54:12 ec2: 
<14>Apr  1 19:54:12 ec2: #############################################################
<14>Apr  1 19:54:12 ec2: -----BEGIN SSH HOST KEY FINGERPRINTS-----
<14>Apr  1 19:54:12 ec2: 1024 SHA256:um/dLhAeZOLZXkofDmVpf20fvrzEqNuaVRN42jRljx4 root@ubuntu-xenial (DSA)
<14>Apr  1 19:54:12 ec2: 256 SHA256:iYhT4HAGE5zP96jhhXLuKcgmHqUGDDm2rvnXE9r5wKs root@ubuntu-xenial (ECDSA)
<14>Apr  1 19:54:12 ec2: 256 SHA256:kLcvTE0EnVYP5oOWmnulqCNI/FdW8PU6mx6XED2RsBo root@ubuntu-xenial (ED25519)
<14>Apr  1 19:54:12 ec2: 2048 SHA256:63YTgSXx7hfTKJr0vOBJ5rgteK2QRgQh81tkbzkZfDw root@ubuntu-xenial (RSA)
<14>Apr  1 19:54:12 ec2: -----END SSH HOST KEY FINGERPRINTS-----
<14>Apr  1 19:54:12 ec2: #############################################################
-----BEGIN SSH HOST KEY KEYS-----
ecdsa-sha2-nistp256 AAAAE2VjZHNhLXNoYTItbmlzdHAyNTYAAAAIbmlzdHAyNTYAAABBBM/6ek8hN1ZUZXv5vyjiqKy1NsNzqcXClQA3ygCKiCNU7WDXM5JdmmksMtJ5t8KGYYijlValrTsx58NzNtVLAwA= root@ubuntu-xenial
ssh-ed25519 AAAAC3NzaC1lZDI1NTE5AAAAIBskGHgXT5i4cHMOcHsPQ/cELhdNtesn5it4xSoHZbCJ root@ubuntu-xenial
ssh-rsa AAAAB3NzaC1yc2EAAAADAQABAAABAQDHTAlGCzGn36XY+y4CbxVsa3nd0e9HwMGTNRjg3dToEAoZybvJ8fTA32CsRXuzIqPnR9h/JAbDAiy25QyppigPZWMINAG7YS8q75DdPIu8Bx5ZSzKa6ZP30cPd2iU0aisBS9oHO3W86ce2MetF73cxKC/bQrIZSqwaNUnSKgl5iESMKDO4cDtMBKwZX6JBwwEL549adhBgJQSE9FLzLA8ul31mwN7MIdaiQ22YUXjjq9ZFZ9RvmKRaYbF1oaFkKTwVZ3t2eEIhmDiGeNw7JCHhnN5qTVyWyWTdeLxddY9MJ1/Qu/aGfzxe/GXCHncb3QhTk+I8w+XvTQj+UlYfmiNV root@ubuntu-xenial
-----END SSH HOST KEY KEYS-----
[   25.947458] cloud-init[1459]: Cloud-init v. 18.2 running 'modules:final' at Mon, 01 Apr 2019 19:54:12 +0000. Up 25.50 seconds.
[   25.955138] cloud-init[1459]: ci-info: no authorized ssh keys fingerprints found for user ubuntu.
[   25.975650] cloud-init[1459]: Cloud-init v. 18.2 finished at Mon, 01 Apr 2019 19:54:12 +0000. Datasource DataSourceNoCloud [seed=/dev/sdb][dsmode=net].  Up 25.93 seconds
[[0;32m  OK  [0m] Started Execute cloud user/final scripts.
[[0;32m  OK  [0m] Reached target Cloud-init target.

Ubuntu 16.04.4 LTS ubuntu-xenial ttyS0

ubuntu-xenial login: 